Arguments: 
  /home/rachel/.nvm/versions/node/v12.18.3/bin/node /usr/share/yarn/bin/yarn.js install

PATH: 
  /home/rachel/.nvm/versions/node/v12.18.3/bin:/usr/local/sbin:/usr/local/bin:/usr/sbin:/usr/bin:/sbin:/bin:/usr/games:/usr/local/games:/snap/bin:/usr/lib/postgresql/12.4/bin

Yarn version: 
  1.22.5

Node version: 
  12.18.3

Platform: 
  linux x64

Trace: 
  Error: ENOENT: no such file or directory, copyfile '/home/rachel/.cache/yarn/v6/npm-moment-2.28.0-cdfe73ce01327cee6537b0fafac2e0f21a237d75-integrity/node_modules/moment/locale/af.js' -> '/home/rachel/MyProjects/family-network/node_modules/moment/locale/af.js'

npm manifest: 
  {
    "main": "node_modules/expo/AppEntry.js",
    "scripts": {
      "start": "expo start",
      "android": "expo start --android",
      "ios": "expo start --ios",
      "web": "expo start --web",
      "eject": "expo eject"
    },
    "dependencies": {
      "expo": "~38.0.8",
      "expo-status-bar": "^1.0.2",
      "react": "~16.11.0",
      "react-dom": "~16.11.0",
      "react-native": "https://github.com/expo/react-native/archive/sdk-38.0.2.tar.gz",
      "react-native-google-places-autocomplete": "^1.8.1",
      "react-native-improved-text-input": "0.0.1",
      "react-native-web": "~0.11.7",
      "react-native-weekly-calendar": "^0.2.0",
      "react-router-native": "^5.2.0",
      "tslib": "^2.0.1"
    },
    "devDependencies": {
      "@babel/core": "^7.8.6",
      "babel-preset-expo": "~8.1.0"
    },
    "private": true
  }

yarn manifest: 
  No manifest

Lockfile: 
  No lockfile
